<?xml version="1.0" encoding="UTF-8"?>
<testsuite name="TestFraction" tests="5" skipped="0" failures="0" errors="0" timestamp="2018-06-19T10:34:08" hostname="iMac-5.local" time="0.002">
  <properties/>
  <testcase name="maalMoetcorrectZijn" classname="TestFraction" time="0.001"/>
  <testcase name="deelMoetcorectZijn" classname="TestFraction" time="0.0"/>
  <testcase name="minMoetCorrectZijn" classname="TestFraction" time="0.0"/>
  <testcase name="omkeringMoetTellerEnNoemerOmdraaien" classname="TestFraction" time="0.0"/>
  <testcase name="plusMoetCorrectZijn" classname="TestFraction" time="0.001"/>
  <system-out><![CDATA[]]></system-out>
  <system-err><![CDATA[]]></system-err>
</testsuite>
